<?xml version="1.0" encoding="UTF-8"?>
<!-- Generated by org.testng.reporters.JUnitXMLReporter -->
<testsuite ignored="1" hostname="DESKTOP-DC3TDDU" failures="0" tests="2" name="test2" time="17.948" errors="0" timestamp="2021-10-11T10:05:30 IST">
  <testcase classname="Day_032_TestNG_Groups.AllTests" name="Google" time="8.824"/>
  <testcase classname="Day_032_TestNG_Groups.AllTests" name="OrangeHRM" time="9.083"/>
  <testcase classname="Day_032_TestNG_Groups.AllTests" name="Mercury" time="0.0">
    <ignored/>
  </testcase> <!-- Mercury -->
</testsuite> <!-- test2 -->
