<?xml version="1.0" encoding="UTF-8"?>
<testng-results ignored="0" total="1" passed="1" failed="0" skipped="0">
  <reporter-output>
  </reporter-output>
  <suite started-at="2021-11-27T09:12:45 IST" name="Default suite" finished-at="2021-11-27T09:13:02 IST" duration-ms="16815">
    <groups>
    </groups>
    <test started-at="2021-11-27T09:12:45 IST" name="Default test" finished-at="2021-11-27T09:13:02 IST" duration-ms="16815">
      <class name="Day_026_TakeScreenShot.Test4">
        <test-method signature="AddNationalitiess()[pri:0, instance:Day_026_TakeScreenShot.Test4@393671df]" started-at="2021-11-27T09:12:45 IST" name="AddNationalitiess" finished-at="2021-11-27T09:13:02 IST" duration-ms="16731" status="PASS">
          <reporter-output>
          </reporter-output>
        </test-method> <!-- AddNationalitiess -->
      </class> <!-- Day_026_TakeScreenShot.Test4 -->
    </test> <!-- Default test -->
  </suite> <!-- Default suite -->
</testng-results>
