<?xml version="1.0" encoding="UTF-8"?>
<!-- Generated by org.testng.reporters.JUnitXMLReporter -->
<testsuite ignored="0" hostname="DESKTOP-DC3TDDU" failures="0" tests="2" name="Testing_ParallelClasses" time="17.391" errors="0" timestamp="2021-09-28T10:33:15 IST">
  <testcase classname="Day_016_ParallelClasses.TC02_Add_Jobs" name="Open_OrangeHRM" time="16.791"/>
  <testcase classname="Day_016_ParallelClasses.TC01_Add_Locations" name="Open_Mercury" time="17.354"/>
</testsuite> <!-- Testing_ParallelClasses -->
